Arguments: 
  /home/pliskin/.nvm/versions/node/v18.12.1/bin/node /home/pliskin/.yarn/bin/yarn.js init /y

PATH: 
  /home/pliskin/.yarn/bin:/home/pliskin/.config/yarn/global/node_modules/.bin:/home/pliskin/.vscode-server/bin/704ed70d4fd1c6bd6342c436f1ede30d1cff4710/bin/remote-cli:/home/pliskin/.nvm/versions/node/v18.12.1/bin:/home/pliskin/.yarn/bin:/home/pliskin/.config/yarn/global/node_modules/.bin:/usr/local/sbin:/usr/local/bin:/usr/sbin:/usr/bin:/sbin:/bin:/usr/games:/usr/local/games:/usr/lib/wsl/lib:/mnt/c/WINDOWS/system32:/mnt/c/WINDOWS:/mnt/c/WINDOWS/System32/Wbem:/mnt/c/WINDOWS/System32/WindowsPowerShell/v1.0/:/mnt/c/WINDOWS/System32/OpenSSH/:/mnt/c/Program Files/Git/cmd:/mnt/c/Program Files (x86)/QuickTime/QTSystem/:/mnt/c/Program Files/dotnet/:/mnt/c/Users/USER/AppData/Roaming/nvm:/mnt/c/Program Files/nodejs:/mnt/c/Program Files/Docker/Docker/resources/bin:/mnt/c/Users/USER/AppData/Local/Microsoft/WindowsApps:/mnt/c/Users/USER/AppData/Local/Programs/Microsoft VS Code/bin:/mnt/c/Users/USER/AppData/Roaming/npm:/mnt/c/Users/USER/AppData/Roaming/nvm:/mnt/c/Program Files/nodejs:/snap/bin

Yarn version: 
  1.22.19

Node version: 
  18.12.1

Platform: 
  linux x64

Trace: 
  Error: canceled
      at Interface.<anonymous> (/home/pliskin/.yarn/lib/cli.js:137150:13)
      at Interface.emit (node:events:513:28)
      at [_ttyWrite] [as _ttyWrite] (node:internal/readline/interface:1124:18)
      at ReadStream.onkeypress (node:internal/readline/interface:273:20)
      at ReadStream.emit (node:events:513:28)
      at emitKeys (node:internal/readline/utils:357:14)
      at emitKeys.next (<anonymous>)
      at ReadStream.onData (node:internal/readline/emitKeypressEvents:64:36)
      at ReadStream.emit (node:events:513:28)
      at addChunk (node:internal/streams/readable:324:12)

npm manifest: 
  No manifest

yarn manifest: 
  No manifest

Lockfile: 
  No lockfile
